#
# There is insufficient memory for the Java Runtime Environment to continue.
# Native memory allocation (malloc) failed to allocate 679376 bytes for Chunk::new
# Possible reasons:
#   The system is out of physical RAM or swap space
#   The process is running with CompressedOops enabled, and the Java Heap may be blocking the growth of the native heap
# Possible solutions:
#   Reduce memory load on the system
#   Increase physical memory or swap space
#   Check if swap backing store is full
#   Decrease Java heap size (-Xmx/-Xms)
#   Decrease number of Java threads
#   Decrease Java thread stack sizes (-Xss)
#   Set larger code cache with -XX:ReservedCodeCacheSize=
#   JVM is running with Unscaled Compressed Oops mode in which the Java heap is
#     placed in the first 4GB address space. The Java Heap base address is the
#     maximum limit for the native heap growth. Please use -XX:HeapBaseMinAddress
#     to set the Java Heap base and to place the Java Heap above 4GB virtual address.
# This output file may be truncated or incomplete.
#
#  Out of Memory Error (allocation.cpp:389), pid=10848, tid=0x0000000000002c9c
#
# JRE version: OpenJDK Runtime Environment (8.0_242-b01) (build 1.8.0_242-release-1644-b01)
# Java VM: OpenJDK 64-Bit Server VM (25.242-b01 mixed mode windows-amd64 compressed oops)
# Failed to write core dump. Minidumps are not enabled by default on client versions of Windows
#

---------------  T H R E A D  ---------------

Current thread (0x0000000019203000):  JavaThread "C2 CompilerThread0" daemon [_thread_in_native, id=11420, stack(0x00000000199d0000,0x0000000019ad0000)]

Stack: [0x00000000199d0000,0x0000000019ad0000]
[error occurred during error reporting (printing stack bounds), id 0xc0000005]

Native frames: (J=compiled Java code, j=interpreted, Vv=VM code, C=native code)


Current CompileTask:
C2:  11174 9991       4       com.android.tools.r8.ir.regalloc.a::a (101 bytes)


---------------  P R O C E S S  ---------------

Java Threads: ( => current thread )
  0x0000000021517000 JavaThread "WorkerExecutor Queue Thread 2" [_thread_blocked, id=10748, stack(0x000000002ca40000,0x000000002cb40000)]
  0x000000002151d000 JavaThread "WorkerExecutor Queue" [_thread_blocked, id=12292, stack(0x000000002b670000,0x000000002b770000)]
  0x0000000021516800 JavaThread "Cache worker for execution history cache (C:\Users\Rajshekar\AndroidStudioProjects\Covistat\.gradle\6.5\executionHistory)" [_thread_blocked, id=13968, stack(0x000000002c340000,0x000000002c440000)]
  0x0000000020b97000 JavaThread "Execution worker for ':' Thread 7" [_thread_blocked, id=13232, stack(0x000000002c240000,0x000000002c340000)]
  0x0000000020b96000 JavaThread "Execution worker for ':' Thread 6" [_thread_blocked, id=3584, stack(0x000000002c140000,0x000000002c240000)]
  0x0000000020b9a000 JavaThread "Execution worker for ':' Thread 5" [_thread_blocked, id=4284, stack(0x000000002c040000,0x000000002c140000)]
  0x0000000020b99000 JavaThread "Execution worker for ':' Thread 4" [_thread_blocked, id=14824, stack(0x000000002bf40000,0x000000002c040000)]
  0x0000000020b98800 JavaThread "Execution worker for ':' Thread 3" [_thread_blocked, id=12448, stack(0x000000002be40000,0x000000002bf40000)]
  0x0000000020b95800 JavaThread "Execution worker for ':' Thread 2" [_thread_blocked, id=5128, stack(0x000000002bd40000,0x000000002be40000)]
  0x0000000020b94800 JavaThread "Execution worker for ':'" [_thread_blocked, id=16128, stack(0x000000002bc40000,0x000000002bd40000)]
  0x0000000020b97800 JavaThread "Cache worker for file content cache (C:\Users\Rajshekar\AndroidStudioProjects\Covistat\.gradle\6.5\fileContent)" [_thread_blocked, id=20600, stack(0x000000002b150000,0x000000002b250000)]
  0x0000000020b9a800 JavaThread "Memory manager" [_thread_blocked, id=7872, stack(0x000000002aa40000,0x000000002ab40000)]
  0x0000000020b9b800 JavaThread "Cache worker for Build Output Cleanup Cache (C:\Users\Rajshekar\AndroidStudioProjects\Covistat\.gradle\buildOutputCleanup)" [_thread_blocked, id=6580, stack(0x0000000029170000,0x0000000029270000)]
  0x0000000020b94000 JavaThread "jar transforms Thread 92" [_thread_blocked, id=22512, stack(0x0000000029070000,0x0000000029170000)]
  0x0000000020b91000 JavaThread "jar transforms Thread 91" [_thread_blocked, id=13512, stack(0x0000000028f70000,0x0000000029070000)]
  0x0000000020b92800 JavaThread "jar transforms Thread 90" [_thread_blocked, id=15708, stack(0x0000000028e70000,0x0000000028f70000)]
  0x0000000020b8e800 JavaThread "jar transforms Thread 89" [_thread_blocked, id=15704, stack(0x0000000028d70000,0x0000000028e70000)]
  0x0000000020b8e000 JavaThread "jar transforms Thread 88" [_thread_blocked, id=18992, stack(0x0000000028c70000,0x0000000028d70000)]
  0x0000000020b93000 JavaThread "jar transforms Thread 87" [_thread_blocked, id=16080, stack(0x0000000028b70000,0x0000000028c70000)]
  0x0000000020b8c800 JavaThread "jar transforms Thread 86" [_thread_blocked, id=14080, stack(0x0000000028a70000,0x0000000028b70000)]
  0x0000000020b90000 JavaThread "jar transforms Thread 85" [_thread_blocked, id=10940, stack(0x0000000028970000,0x0000000028a70000)]
  0x0000000020b91800 JavaThread "jar transforms Thread 84" [_thread_blocked, id=1340, stack(0x0000000028870000,0x0000000028970000)]
  0x0000000020b8f800 JavaThread "jar transforms Thread 83" [_thread_blocked, id=3104, stack(0x0000000028770000,0x0000000028870000)]
  0x0000000020ab7800 JavaThread "jar transforms Thread 82" [_thread_blocked, id=21556, stack(0x0000000028670000,0x0000000028770000)]
  0x0000000020ab7000 JavaThread "jar transforms Thread 81" [_thread_blocked, id=15228, stack(0x0000000028570000,0x0000000028670000)]
  0x0000000020ab8800 JavaThread "jar transforms Thread 80" [_thread_blocked, id=14800, stack(0x0000000028470000,0x0000000028570000)]
  0x0000000020ab6000 JavaThread "jar transforms Thread 79" [_thread_blocked, id=16320, stack(0x0000000028370000,0x0000000028470000)]
  0x0000000020ab5800 JavaThread "jar transforms Thread 78" [_thread_blocked, id=13392, stack(0x0000000028270000,0x0000000028370000)]
  0x0000000020ab4800 JavaThread "jar transforms Thread 77" [_thread_blocked, id=7316, stack(0x0000000028170000,0x0000000028270000)]
  0x0000000020ab3000 JavaThread "jar transforms Thread 76" [_thread_blocked, id=9620, stack(0x0000000028070000,0x0000000028170000)]
  0x0000000020ab2800 JavaThread "jar transforms Thread 75" [_thread_blocked, id=12692, stack(0x0000000027f70000,0x0000000028070000)]
  0x0000000020ab4000 JavaThread "jar transforms Thread 74" [_thread_blocked, id=14124, stack(0x0000000027e70000,0x0000000027f70000)]
  0x0000000020aab000 JavaThread "jar transforms Thread 73" [_thread_blocked, id=15936, stack(0x0000000027d70000,0x0000000027e70000)]
  0x0000000020ab1800 JavaThread "jar transforms Thread 72" [_thread_blocked, id=9428, stack(0x0000000027c70000,0x0000000027d70000)]
  0x0000000020aaa000 JavaThread "jar transforms Thread 71" [_thread_blocked, id=21148, stack(0x0000000027b70000,0x0000000027c70000)]
  0x0000000020aae000 JavaThread "jar transforms Thread 70" [_thread_blocked, id=16868, stack(0x0000000027a70000,0x0000000027b70000)]
  0x0000000020ab1000 JavaThread "jar transforms Thread 69" [_thread_blocked, id=10552, stack(0x0000000027970000,0x0000000027a70000)]
  0x0000000020aad000 JavaThread "jar transforms Thread 68" [_thread_blocked, id=18104, stack(0x0000000027870000,0x0000000027970000)]
  0x0000000020aa9800 JavaThread "jar transforms Thread 67" [_thread_blocked, id=5492, stack(0x0000000027770000,0x0000000027870000)]
  0x0000000020aac800 JavaThread "jar transforms Thread 66" [_thread_blocked, id=18980, stack(0x0000000027670000,0x0000000027770000)]
  0x0000000020aab800 JavaThread "jar transforms Thread 65" [_thread_blocked, id=11740, stack(0x0000000027570000,0x0000000027670000)]
  0x0000000020aaf800 JavaThread "jar transforms Thread 64" [_thread_blocked, id=7456, stack(0x0000000027470000,0x0000000027570000)]
  0x0000000020aae800 JavaThread "jar transforms Thread 63" [_thread_blocked, id=5296, stack(0x0000000027370000,0x0000000027470000)]
  0x0000000020ab0000 JavaThread "jar transforms Thread 62" [_thread_blocked, id=1696, stack(0x0000000027270000,0x0000000027370000)]
  0x000000001c4d6000 JavaThread "jar transforms Thread 61" [_thread_blocked, id=22392, stack(0x0000000027170000,0x0000000027270000)]
  0x000000001c4d5000 JavaThread "jar transforms Thread 60" [_thread_blocked, id=18132, stack(0x0000000027070000,0x0000000027170000)]
  0x000000001c4d9800 JavaThread "jar transforms Thread 59" [_thread_blocked, id=10892, stack(0x0000000026f70000,0x0000000027070000)]
  0x000000001c4d7800 JavaThread "jar transforms Thread 58" [_thread_blocked, id=11804, stack(0x0000000026e70000,0x0000000026f70000)]
  0x000000001c4d8000 JavaThread "jar transforms Thread 57" [_thread_blocked, id=2892, stack(0x0000000026d70000,0x0000000026e70000)]
  0x000000001c4d9000 JavaThread "jar transforms Thread 56" [_thread_blocked, id=7164, stack(0x0000000026c70000,0x0000000026d70000)]
  0x000000001c4d6800 JavaThread "jar transforms Thread 55" [_thread_blocked, id=20260, stack(0x0000000026b70000,0x0000000026c70000)]
  0x000000001c4cd800 JavaThread "jar transforms Thread 54" [_thread_blocked, id=16572, stack(0x0000000026a70000,0x0000000026b70000)]
  0x000000001c4d4800 JavaThread "jar transforms Thread 53" [_thread_blocked, id=19020, stack(0x0000000026970000,0x0000000026a70000)]
  0x000000001c4d3800 JavaThread "jar transforms Thread 52" [_thread_blocked, id=21116, stack(0x0000000026870000,0x0000000026970000)]
  0x000000001c4cc000 JavaThread "jar transforms Thread 51" [_thread_blocked, id=14328, stack(0x0000000026770000,0x0000000026870000)]
  0x000000001c4ce800 JavaThread "jar transforms Thread 50" [_thread_blocked, id=1236, stack(0x0000000026670000,0x0000000026770000)]
  0x000000001c4d2000 JavaThread "jar transforms Thread 49" [_thread_blocked, id=7072, stack(0x0000000026570000,0x0000000026670000)]
  0x000000001c4cd000 JavaThread "jar transforms Thread 48" [_thread_blocked, id=15192, stack(0x0000000026470000,0x0000000026570000)]
  0x000000001c4d0000 JavaThread "jar transforms Thread 47" [_thread_blocked, id=15268, stack(0x0000000026370000,0x0000000026470000)]
  0x000000001c4cf000 JavaThread "jar transforms Thread 46" [_thread_blocked, id=21168, stack(0x0000000026270000,0x0000000026370000)]
  0x000000001c4d1800 JavaThread "jar transforms Thread 45" [_thread_blocked, id=21256, stack(0x0000000026170000,0x0000000026270000)]
  0x000000001c4d0800 JavaThread "jar transforms Thread 44" [_thread_blocked, id=20400, stack(0x0000000026070000,0x0000000026170000)]
  0x000000001c4d3000 JavaThread "jar transforms Thread 43" [_thread_blocked, id=16164, stack(0x0000000025f70000,0x0000000026070000)]
  0x000000001c4ca800 JavaThread "jar transforms Thread 42" [_thread_blocked, id=6876, stack(0x0000000025e70000,0x0000000025f70000)]
  0x000000001c4cb800 JavaThread "jar transforms Thread 41" [_thread_blocked, id=12028, stack(0x0000000025d70000,0x0000000025e70000)]
  0x00000000210bd000 JavaThread "jar transforms Thread 40" [_thread_blocked, id=328, stack(0x0000000025b70000,0x0000000025c70000)]
  0x00000000210bb000 JavaThread "jar transforms Thread 39" [_thread_blocked, id=9176, stack(0x0000000025a70000,0x0000000025b70000)]
  0x00000000210bc800 JavaThread "jar transforms Thread 38" [_thread_blocked, id=10840, stack(0x0000000025970000,0x0000000025a70000)]
  0x00000000210b9800 JavaThread "jar transforms Thread 37" [_thread_blocked, id=20392, stack(0x0000000025870000,0x0000000025970000)]
  0x00000000210b8800 JavaThread "jar transforms Thread 36" [_thread_blocked, id=21824, stack(0x0000000025770000,0x0000000025870000)]
  0x00000000210ba000 JavaThread "jar transforms Thread 35" [_thread_blocked, id=4408, stack(0x0000000025670000,0x0000000025770000)]
  0x00000000210bb800 JavaThread "jar transforms Thread 34" [_thread_blocked, id=15032, stack(0x0000000025570000,0x0000000025670000)]
  0x00000000210b1000 JavaThread "jar transforms Thread 33" [_thread_blocked, id=11520, stack(0x0000000025470000,0x0000000025570000)]
  0x00000000210b5800 JavaThread "jar transforms Thread 32" [_thread_blocked, id=15772, stack(0x0000000025370000,0x0000000025470000)]
  0x00000000210b7000 JavaThread "jar transforms Thread 31" [_thread_blocked, id=6800, stack(0x0000000025270000,0x0000000025370000)]
  0x00000000210b6800 JavaThread "jar transforms Thread 30" [_thread_blocked, id=1996, stack(0x0000000025170000,0x0000000025270000)]
  0x00000000210b8000 JavaThread "jar transforms Thread 29" [_thread_blocked, id=5444, stack(0x0000000025070000,0x0000000025170000)]
  0x00000000210ae000 JavaThread "jar transforms Thread 28" [_thread_blocked, id=21180, stack(0x0000000024f70000,0x0000000025070000)]
  0x00000000210b4000 JavaThread "jar transforms Thread 27" [_thread_blocked, id=15432, stack(0x0000000024e70000,0x0000000024f70000)]
  0x00000000210b0800 JavaThread "jar transforms Thread 26" [_thread_blocked, id=21084, stack(0x0000000024d70000,0x0000000024e70000)]
  0x00000000210b3800 JavaThread "jar transforms Thread 25" [_thread_blocked, id=9072, stack(0x0000000024c70000,0x0000000024d70000)]
  0x00000000210b5000 JavaThread "jar transforms Thread 24" [_thread_blocked, id=956, stack(0x0000000024b70000,0x0000000024c70000)]
  0x00000000210b2800 JavaThread "jar transforms Thread 23" [_thread_blocked, id=21792, stack(0x0000000024a70000,0x0000000024b70000)]
  0x00000000210af800 JavaThread "jar transforms Thread 22" [_thread_blocked, id=10072, stack(0x0000000024970000,0x0000000024a70000)]
  0x00000000210b2000 JavaThread "jar transforms Thread 21" [_thread_blocked, id=11076, stack(0x0000000024870000,0x0000000024970000)]
  0x00000000210af000 JavaThread "jar transforms Thread 20" [_thread_blocked, id=8632, stack(0x0000000024770000,0x0000000024870000)]
  0x000000001b1c8800 JavaThread "jar transforms Thread 19" [_thread_blocked, id=460, stack(0x0000000024670000,0x0000000024770000)]
  0x000000001b1c9800 JavaThread "jar transforms Thread 18" [_thread_blocked, id=17148, stack(0x0000000024570000,0x0000000024670000)]
  0x000000001b1c8000 JavaThread "jar transforms Thread 17" [_thread_blocked, id=18392, stack(0x0000000024470000,0x0000000024570000)]
  0x000000001b1cf000 JavaThread "jar transforms Thread 16" [_thread_blocked, id=7764, stack(0x0000000024370000,0x0000000024470000)]
  0x000000001b1cd800 JavaThread "jar transforms Thread 15" [_thread_blocked, id=19692, stack(0x0000000024270000,0x0000000024370000)]
  0x000000001b1cc800 JavaThread "jar transforms Thread 14" [_thread_blocked, id=9484, stack(0x0000000024170000,0x0000000024270000)]
  0x000000001b1ce000 JavaThread "jar transforms Thread 13" [_thread_blocked, id=21984, stack(0x0000000024070000,0x0000000024170000)]
  0x000000001b1cb000 JavaThread "jar transforms Thread 12" [_thread_blocked, id=6228, stack(0x0000000023f70000,0x0000000024070000)]
  0x000000001b1ca800 JavaThread "jar transforms Thread 11" [_thread_blocked, id=12628, stack(0x0000000023e70000,0x0000000023f70000)]
  0x000000001b1cc000 JavaThread "jar transforms Thread 10" [_thread_blocked, id=19500, stack(0x0000000023d70000,0x0000000023e70000)]
  0x000000001be75000 JavaThread "jar transforms Thread 9" [_thread_blocked, id=9272, stack(0x0000000023c70000,0x0000000023d70000)]
  0x000000001be70800 JavaThread "jar transforms Thread 8" [_thread_blocked, id=13628, stack(0x0000000023b70000,0x0000000023c70000)]
  0x000000001be72000 JavaThread "jar transforms Thread 7" [_thread_blocked, id=12652, stack(0x0000000023a70000,0x0000000023b70000)]
  0x000000001be77800 JavaThread "jar transforms Thread 6" [_thread_blocked, id=13088, stack(0x0000000023970000,0x0000000023a70000)]
  0x000000001be74800 JavaThread "jar transforms Thread 5" [_thread_blocked, id=13660, stack(0x00000000235b0000,0x00000000236b0000)]
  0x000000001be76000 JavaThread "jar transforms Thread 4" [_thread_blocked, id=8432, stack(0x0000000023870000,0x0000000023970000)]
  0x000000001be73800 JavaThread "jar transforms Thread 3" [_thread_blocked, id=352, stack(0x0000000023770000,0x0000000023870000)]
  0x000000001be71800 JavaThread "jar transforms Thread 2" [_thread_blocked, id=13536, stack(0x00000000234b0000,0x00000000235b0000)]
  0x000000001be76800 JavaThread "Build operations Thread 8" [_thread_in_Java, id=5412, stack(0x00000000233b0000,0x00000000234b0000)]
  0x000000001be73000 JavaThread "Build operations Thread 7" [_thread_in_Java, id=12272, stack(0x00000000232b0000,0x00000000233b0000)]
  0x000000001be69000 JavaThread "Build operations Thread 6" [_thread_in_vm, id=19532, stack(0x00000000231b0000,0x00000000232b0000)]
  0x000000001be70000 JavaThread "Build operations Thread 5" [_thread_in_Java, id=19340, stack(0x00000000230b0000,0x00000000231b0000)]
  0x000000001be68000 JavaThread "Build operations Thread 4" [_thread_blocked, id=4700, stack(0x0000000022fb0000,0x00000000230b0000)]
  0x000000001be6f000 JavaThread "Build operations Thread 3" [_thread_in_Java, id=10144, stack(0x0000000022eb0000,0x0000000022fb0000)]
  0x000000001be6a800 JavaThread "Build operations Thread 2" [_thread_blocked, id=15148, stack(0x0000000022db0000,0x0000000022eb0000)]
  0x000000001be6c000 JavaThread "Build operations" [_thread_in_Java, id=10476, stack(0x0000000022cb0000,0x0000000022db0000)]
  0x0000000019224800 JavaThread "Cache worker for file content cache (C:\Users\Rajshekar\.gradle\caches\6.5\fileContent)" [_thread_blocked, id=12848, stack(0x00000000225b0000,0x00000000226b0000)]
  0x0000000019223800 JavaThread "jar transforms" [_thread_blocked, id=13328, stack(0x00000000224b0000,0x00000000225b0000)]
  0x0000000019222000 JavaThread "Cache worker for execution history cache (C:\Users\Rajshekar\.gradle\caches\6.5\executionHistory)" [_thread_blocked, id=9600, stack(0x0000000021db0000,0x0000000021eb0000)]
  0x0000000019220000 JavaThread "Cache worker for cache directory md-rule (C:\Users\Rajshekar\.gradle\caches\6.5\md-rule)" [_thread_blocked, id=17012, stack(0x00000000219c0000,0x0000000021ac0000)]
  0x0000000019225000 JavaThread "Cache worker for cache directory md-supplier (C:\Users\Rajshekar\.gradle\caches\6.5\md-supplier)" [_thread_blocked, id=15632, stack(0x0000000020870000,0x0000000020970000)]
  0x000000001921e800 JavaThread "Cache worker for checksums cache (C:\Users\Rajshekar\AndroidStudioProjects\Covistat\.gradle\checksums)" [_thread_blocked, id=7052, stack(0x0000000020570000,0x0000000020670000)]
  0x0000000019223000 JavaThread "Cache worker for file hash cache (C:\Users\Rajshekar\AndroidStudioProjects\Covistat\.gradle\6.5\fileHashes)" [_thread_blocked, id=21844, stack(0x000000001e270000,0x000000001e370000)]
  0x0000000019221800 JavaThread "Cache worker for file hash cache (C:\Users\Rajshekar\.gradle\caches\6.5\fileHashes)" [_thread_blocked, id=496, stack(0x000000001e170000,0x000000001e270000)]
  0x0000000019220800 JavaThread "File lock request listener" [_thread_in_native, id=3848, stack(0x000000001e070000,0x000000001e170000)]
  0x000000001bcbf000 JavaThread "Cache worker for journal cache (C:\Users\Rajshekar\.gradle\caches\journal-1)" [_thread_blocked, id=19092, stack(0x000000001df70000,0x000000001e070000)]
  0x000000001bb7e800 JavaThread "Thread-9" [_thread_blocked, id=13932, stack(0x000000001dc70000,0x000000001dd70000)]
  0x000000001bb85000 JavaThread "Stdin handler" [_thread_blocked, id=11228, stack(0x000000001db70000,0x000000001dc70000)]
  0x000000001bc8e000 JavaThread "Asynchronous log dispatcher for DefaultDaemonConnection: socket connection from /127.0.0.1:61791 to /127.0.0.1:61792" [_thread_blocked, id=8204, stack(0x000000001da70000,0x000000001db70000)]
  0x000000001bc8d800 JavaThread "Daemon worker" [_thread_blocked, id=3216, stack(0x000000001d970000,0x000000001da70000)]
  0x000000001bc8f000 JavaThread "Cancel handler" [_thread_blocked, id=15444, stack(0x000000001d870000,0x000000001d970000)]
  0x000000001bb23800 JavaThread "Handler for socket connection from /127.0.0.1:61791 to /127.0.0.1:61792" [_thread_in_native, id=15860, stack(0x000000001d470000,0x000000001d570000)]
  0x000000001bc81800 JavaThread "Daemon" [_thread_blocked, id=8948, stack(0x000000001d370000,0x000000001d470000)]
  0x000000001bb0e000 JavaThread "Daemon periodic checks" [_thread_blocked, id=18960, stack(0x000000001d270000,0x000000001d370000)]
  0x000000001bb0b000 JavaThread "Incoming local TCP Connector on port 61791" [_thread_in_native, id=9700, stack(0x000000001d030000,0x000000001d130000)]
  0x000000001bbf1800 JavaThread "Daemon health stats" [_thread_blocked, id=18220, stack(0x000000001c970000,0x000000001ca70000)]
  0x00000000192bb800 JavaThread "Service Thread" daemon [_thread_blocked, id=19132, stack(0x0000000019dd0000,0x0000000019ed0000)]
  0x000000001921f000 JavaThread "C1 CompilerThread3" daemon [_thread_blocked, id=15712, stack(0x0000000019cd0000,0x0000000019dd0000)]
  0x000000001920c800 JavaThread "C2 CompilerThread2" daemon [_thread_in_native, id=14640, stack(0x0000000019bd0000,0x0000000019cd0000)]
  0x0000000019205000 JavaThread "C2 CompilerThread1" daemon [_thread_in_native, id=7012, stack(0x0000000019ad0000,0x0000000019bd0000)]
=>0x0000000019203000 JavaThread "C2 CompilerThread0" daemon [_thread_in_native, id=11420, stack(0x00000000199d0000,0x0000000019ad0000)]
  0x0000000019200000 JavaThread "Attach Listener" daemon [_thread_blocked, id=1376, stack(0x00000000198d0000,0x00000000199d0000)]
  0x00000000191ff000 JavaThread "Signal Dispatcher" daemon [_thread_blocked, id=10948, stack(0x00000000197d0000,0x00000000198d0000)]
  0x000000000238a000 JavaThread "Finalizer" daemon [_thread_blocked, id=8160, stack(0x00000000196d0000,0x00000000197d0000)]
  0x0000000002387000 JavaThread "Reference Handler" daemon [_thread_blocked, id=10728, stack(0x00000000195d0000,0x00000000196d0000)]
  0x00000000004ae800 JavaThread "main" [_thread_blocked, id=13448, stack(0x0000000001fb0000,0x00000000020b0000)]

Other Threads:
  0x00000000174f8000 VMThread [stack: 0x0000000001e30000,0x0000000001f30000] [id=4908]
  0x00000000192bd800 WatcherThread [stack: 0x0000000019ed0000,0x0000000019fd0000] [id=16716]

VM state:not at safepoint (normal execution)

VM Mutex/Monitor currently owned by a thread: None

heap address: 0x0000000080000000, size: 2048 MB, Compressed Oops mode: 32-bit
Narrow klass base: 0x0000000000000000, Narrow klass shift: 3
Compressed class space size: 1073741824 Address: 0x0000000100000000

Heap:
 PSYoungGen      total 243712K, used 211517K [0x00000000d5580000, 0x00000000e7f00000, 0x0000000100000000)
  eden space 223232K, 85% used [0x00000000d5580000,0x00000000e1012928,0x00000000e2f80000)
  from space 20480K, 99% used [0x00000000e4f00000,0x00000000e62fccb8,0x00000000e6300000)
  to   space 32256K, 0% used [0x00000000e2f80000,0x00000000e2f80000,0x00000000e4f00000)
 ParOldGen       total 221184K, used 56851K [0x0000000080000000, 0x000000008d800000, 0x00000000d5580000)
  object space 221184K, 25% used [0x0000000080000000,0x0000000083784fa8,0x000000008d800000)
 Metaspace       used 78653K, capacity 83727K, committed 83992K, reserved 1122304K
  class space    used 11036K, capacity 11964K, committed 12080K, reserved 1048576K

Card table byte_map: [0x0000000011850000,0x0000000011c60000] byte_map_base: 0x0000000011450000

Marking Bits: (ParMarkBitMap*) 0x000000005659f030
 Begin Bits: [0x0000000012710000, 0x0000000014710000)
 End Bits:   [0x0000000014710000, 0x0000000016710000)

Polling page: 0x0000000000490000

CodeCache: size=245760Kb used=26703Kb max_used=26710Kb free=219056Kb
 bounds [0x0000000002490000, 0x0000000003ec0000, 0x0000000011490000]
 total_blobs=9624 nmethods=8802 adapters=734
 compilation: enabled

Compilation events (10 events):
Event: 11.146 Thread 0x000000001921f000 nmethod 9949 0x0000000003eb8490 code [0x0000000003eb8620, 0x0000000003eb8a08]
Event: 11.146 Thread 0x000000001921f000 9856       3       com.android.tools.r8.s.b.k0::a (22 bytes)
Event: 11.146 Thread 0x000000001921f000 nmethod 9856 0x0000000003eb8ad0 code [0x0000000003eb8c60, 0x0000000003eb8fa8]
Event: 11.146 Thread 0x000000001921f000 9912       3       com.android.tools.r8.t.a.a.a.f.e::equals (54 bytes)
Event: 11.147 Thread 0x000000001921f000 nmethod 9912 0x0000000003eb90d0 code [0x0000000003eb92a0, 0x0000000003eb9ac8]
Event: 11.147 Thread 0x000000001921f000 9822       3       com.android.tools.r8.q.a.a.b.G2::e (14 bytes)
Event: 11.147 Thread 0x000000001921f000 nmethod 9822 0x0000000003eb9c50 code [0x0000000003eb9dc0, 0x0000000003eba090]
Event: 11.147 Thread 0x000000001921f000 9885       3       com.android.tools.r8.s.b.s1::a (188 bytes)
Event: 11.148 Thread 0x000000001921f000 nmethod 9885 0x0000000003eba410 code [0x0000000003eba680, 0x0000000003ebb5a8]
Event: 11.148 Thread 0x000000001921f000 9944       3       com.android.tools.r8.t.a.a.a.f.X::<init> (89 bytes)

GC Heap History (10 events):
Event: 6.873 GC heap before
{Heap before GC invocations=11 (full 2):
 PSYoungGen      total 163328K, used 163122K [0x00000000d5580000, 0x00000000e1280000, 0x0000000100000000)
  eden space 155136K, 100% used [0x00000000d5580000,0x00000000ded00000,0x00000000ded00000)
  from space 8192K, 97% used [0x00000000e0a80000,0x00000000e124c9b0,0x00000000e1280000)
  to   space 11264K, 0% used [0x00000000dfc80000,0x00000000dfc80000,0x00000000e0780000)
 ParOldGen       total 147456K, used 14800K [0x0000000080000000, 0x0000000089000000, 0x00000000d5580000)
  object space 147456K, 10% used [0x0000000080000000,0x0000000080e743b8,0x0000000089000000)
 Metaspace       used 52669K, capacity 54798K, committed 54952K, reserved 1097728K
  class space    used 7095K, capacity 7525K, committed 7600K, reserved 1048576K
Event: 6.893 GC heap after
Heap after GC invocations=11 (full 2):
 PSYoungGen      total 182272K, used 11232K [0x00000000d5580000, 0x00000000e3a00000, 0x0000000100000000)
  eden space 171008K, 0% used [0x00000000d5580000,0x00000000d5580000,0x00000000dfc80000)
  from space 11264K, 99% used [0x00000000dfc80000,0x00000000e0778030,0x00000000e0780000)
  to   space 17408K, 0% used [0x00000000e2900000,0x00000000e2900000,0x00000000e3a00000)
 ParOldGen       total 147456K, used 28375K [0x0000000080000000, 0x0000000089000000, 0x00000000d5580000)
  object space 147456K, 19% used [0x0000000080000000,0x0000000081bb5f98,0x0000000089000000)
 Metaspace       used 52669K, capacity 54798K, committed 54952K, reserved 1097728K
  class space    used 7095K, capacity 7525K, committed 7600K, reserved 1048576K
}
Event: 7.431 GC heap before
{Heap before GC invocations=12 (full 2):
 PSYoungGen      total 182272K, used 64445K [0x00000000d5580000, 0x00000000e3a00000, 0x0000000100000000)
  eden space 171008K, 31% used [0x00000000d5580000,0x00000000d89777b8,0x00000000dfc80000)
  from space 11264K, 99% used [0x00000000dfc80000,0x00000000e0778030,0x00000000e0780000)
  to   space 17408K, 0% used [0x00000000e2900000,0x00000000e2900000,0x00000000e3a00000)
 ParOldGen       total 147456K, used 28375K [0x0000000080000000, 0x0000000089000000, 0x00000000d5580000)
  object space 147456K, 19% used [0x0000000080000000,0x0000000081bb5f98,0x0000000089000000)
 Metaspace       used 56690K, capacity 59130K, committed 59160K, reserved 1099776K
  class space    used 7771K, capacity 8220K, committed 8240K, reserved 1048576K
Event: 7.445 GC heap after
Heap after GC invocations=12 (full 2):
 PSYoungGen      total 215040K, used 16426K [0x00000000d5580000, 0x00000000e5480000, 0x0000000100000000)
  eden space 197632K, 0% used [0x00000000d5580000,0x00000000d5580000,0x00000000e1680000)
  from space 17408K, 94% used [0x00000000e2900000,0x00000000e390ab00,0x00000000e3a00000)
  to   space 18944K, 0% used [0x00000000e1680000,0x00000000e1680000,0x00000000e2900000)
 ParOldGen       total 147456K, used 28383K [0x0000000080000000, 0x0000000089000000, 0x00000000d5580000)
  object space 147456K, 19% used [0x0000000080000000,0x0000000081bb7f98,0x0000000089000000)
 Metaspace       used 56690K, capacity 59130K, committed 59160K, reserved 1099776K
  class space    used 7771K, capacity 8220K, committed 8240K, reserved 1048576K
}
Event: 7.445 GC heap before
{Heap before GC invocations=13 (full 3):
 PSYoungGen      total 215040K, used 16426K [0x00000000d5580000, 0x00000000e5480000, 0x0000000100000000)
  eden space 197632K, 0% used [0x00000000d5580000,0x00000000d5580000,0x00000000e1680000)
  from space 17408K, 94% used [0x00000000e2900000,0x00000000e390ab00,0x00000000e3a00000)
  to   space 18944K, 0% used [0x00000000e1680000,0x00000000e1680000,0x00000000e2900000)
 ParOldGen       total 147456K, used 28383K [0x0000000080000000, 0x0000000089000000, 0x00000000d5580000)
  object space 147456K, 19% used [0x0000000080000000,0x0000000081bb7f98,0x0000000089000000)
 Metaspace       used 56690K, capacity 59130K, committed 59160K, reserved 1099776K
  class space    used 7771K, capacity 8220K, committed 8240K, reserved 1048576K
Event: 7.648 GC heap after
Heap after GC invocations=13 (full 3):
 PSYoungGen      total 215040K, used 0K [0x00000000d5580000, 0x00000000e5480000, 0x0000000100000000)
  eden space 197632K, 0% used [0x00000000d5580000,0x00000000d5580000,0x00000000e1680000)
  from space 17408K, 0% used [0x00000000e2900000,0x00000000e2900000,0x00000000e3a00000)
  to   space 18944K, 0% used [0x00000000e1680000,0x00000000e1680000,0x00000000e2900000)
 ParOldGen       total 221184K, used 31967K [0x0000000080000000, 0x000000008d800000, 0x00000000d5580000)
  object space 221184K, 14% used [0x0000000080000000,0x0000000081f37dd0,0x000000008d800000)
 Metaspace       used 56642K, capacity 58968K, committed 59160K, reserved 1099776K
  class space    used 7756K, capacity 8193K, committed 8240K, reserved 1048576K
}
Event: 9.547 GC heap before
{Heap before GC invocations=14 (full 3):
 PSYoungGen      total 215040K, used 197632K [0x00000000d5580000, 0x00000000e5480000, 0x0000000100000000)
  eden space 197632K, 100% used [0x00000000d5580000,0x00000000e1680000,0x00000000e1680000)
  from space 17408K, 0% used [0x00000000e2900000,0x00000000e2900000,0x00000000e3a00000)
  to   space 18944K, 0% used [0x00000000e1680000,0x00000000e1680000,0x00000000e2900000)
 ParOldGen       total 221184K, used 31967K [0x0000000080000000, 0x000000008d800000, 0x00000000d5580000)
  object space 221184K, 14% used [0x0000000080000000,0x0000000081f37dd0,0x000000008d800000)
 Metaspace       used 66191K, capacity 69522K, committed 69656K, reserved 1110016K
  class space    used 9172K, capacity 9774K, committed 9776K, reserved 1048576K
Event: 9.562 GC heap after
Heap after GC invocations=14 (full 3):
 PSYoungGen      total 216576K, used 17146K [0x00000000d5580000, 0x00000000e6300000, 0x0000000100000000)
  eden space 197632K, 0% used [0x00000000d5580000,0x00000000d5580000,0x00000000e1680000)
  from space 18944K, 90% used [0x00000000e1680000,0x00000000e273e900,0x00000000e2900000)
  to   space 20480K, 0% used [0x00000000e4f00000,0x00000000e4f00000,0x00000000e6300000)
 ParOldGen       total 221184K, used 31975K [0x0000000080000000, 0x000000008d800000, 0x00000000d5580000)
  object space 221184K, 14% used [0x0000000080000000,0x0000000081f39dd0,0x000000008d800000)
 Metaspace       used 66191K, capacity 69522K, committed 69656K, reserved 1110016K
  class space    used 9172K, capacity 9774K, committed 9776K, reserved 1048576K
}
Event: 10.525 GC heap before
{Heap before GC invocations=15 (full 3):
 PSYoungGen      total 216576K, used 214778K [0x00000000d5580000, 0x00000000e6300000, 0x0000000100000000)
  eden space 197632K, 100% used [0x00000000d5580000,0x00000000e1680000,0x00000000e1680000)
  from space 18944K, 90% used [0x00000000e1680000,0x00000000e273e900,0x00000000e2900000)
  to   space 20480K, 0% used [0x00000000e4f00000,0x00000000e4f00000,0x00000000e6300000)
 ParOldGen       total 221184K, used 31975K [0x0000000080000000, 0x000000008d800000, 0x00000000d5580000)
  object space 221184K, 14% used [0x0000000080000000,0x0000000081f39dd0,0x000000008d800000)
 Metaspace       used 72877K, capacity 77078K, committed 77208K, reserved 1116160K
  class space    used 10129K, capacity 10884K, committed 10928K, reserved 1048576K
Event: 10.553 GC heap after
Heap after GC invocations=15 (full 3):
 PSYoungGen      total 243712K, used 20467K [0x00000000d5580000, 0x00000000e7f00000, 0x0000000100000000)
  eden space 223232K, 0% used [0x00000000d5580000,0x00000000d5580000,0x00000000e2f80000)
  from space 20480K, 99% used [0x00000000e4f00000,0x00000000e62fccb8,0x00000000e6300000)
  to   space 32256K, 0% used [0x00000000e2f80000,0x00000000e2f80000,0x00000000e4f00000)
 ParOldGen       total 221184K, used 56851K [0x0000000080000000, 0x000000008d800000, 0x00000000d5580000)
  object space 221184K, 25% used [0x0000000080000000,0x0000000083784fa8,0x000000008d800000)
 Metaspace       used 72877K, capacity 77078K, committed 77208K, reserved 1116160K
  class space    used 10129K, capacity 10884K, committed 10928K, reserved 1048576K
}

Deoptimization events (10 events):
Event: 10.834 Thread 0x000000001be6a800 Uncommon trap: reason=unstable_if action=reinterpret pc=0x0000000003d27e50 method=com.android.tools.r8.graph.d0.computeEquals(Ljava/lang/Object;)Z @ 23
Event: 10.867 Thread 0x000000001be76800 Uncommon trap: reason=unstable_if action=reinterpret pc=0x00000000032d1964 method=java.util.TreeMap.put(Ljava/lang/Object;Ljava/lang/Object;)Ljava/lang/Object; @ 163
Event: 10.997 Thread 0x000000001be6f000 Uncommon trap: reason=unstable_if action=reinterpret pc=0x0000000002b4c384 method=com.android.tools.r8.graph.i0.a([C)I @ 29
Event: 11.035 Thread 0x000000001be76800 Uncommon trap: reason=unstable_if action=reinterpret pc=0x0000000002a78ca0 method=java.util.WeakHashMap.remove(Ljava/lang/Object;)Ljava/lang/Object; @ 94
Event: 11.091 Thread 0x000000001be76800 Uncommon trap: reason=bimorphic action=maybe_recompile pc=0x0000000003df6bf4 method=com.android.tools.r8.s.b.s1.a(Lcom/android/tools/r8/s/a/p/u;)Lcom/android/tools/r8/s/b/s1; @ 23
Event: 11.091 Thread 0x000000001be76800 Uncommon trap: reason=bimorphic action=maybe_recompile pc=0x0000000003df6bf4 method=com.android.tools.r8.s.b.s1.a(Lcom/android/tools/r8/s/a/p/u;)Lcom/android/tools/r8/s/b/s1; @ 23
Event: 11.091 Thread 0x000000001be76800 Uncommon trap: reason=bimorphic action=maybe_recompile pc=0x0000000003df6bf4 method=com.android.tools.r8.s.b.s1.a(Lcom/android/tools/r8/s/a/p/u;)Lcom/android/tools/r8/s/b/s1; @ 23
Event: 11.091 Thread 0x000000001be76800 Uncommon trap: reason=bimorphic action=maybe_recompile pc=0x0000000003df6bf4 method=com.android.tools.r8.s.b.s1.a(Lcom/android/tools/r8/s/a/p/u;)Lcom/android/tools/r8/s/b/s1; @ 23
Event: 11.091 Thread 0x000000001be76800 Uncommon trap: reason=bimorphic action=maybe_recompile pc=0x0000000003dece88 method=com.android.tools.r8.s.b.s1.a(Lcom/android/tools/r8/s/a/p/u;)Lcom/android/tools/r8/s/b/s1; @ 23
Event: 11.144 Thread 0x000000001be69000 Uncommon trap: reason=unstable_if action=reinterpret pc=0x0000000003c4c938 method=com.android.tools.r8.graph.k0.equals(Ljava/lang/Object;)Z @ 28

Classes redefined (0 events):
No events

Internal exceptions (10 events):
Event: 10.221 Thread 0x000000001be6f000 Exception <a 'sun/nio/fs/WindowsException'> (0x00000000dc41bad8) thrown at [C:\src\AOSP-openjdk-git\hotspot\src\share\vm\prims\jni.cpp, line 710]
Event: 10.308 Thread 0x000000001be73000 Exception <a 'sun/nio/fs/WindowsException'> (0x00000000ddbbfe48) thrown at [C:\src\AOSP-openjdk-git\hotspot\src\share\vm\prims\jni.cpp, line 710]
Event: 10.388 Thread 0x000000001be69000 Exception <a 'java/lang/IncompatibleClassChangeError': Found class java.lang.Object, but interface was expected> (0x00000000de8dcdc0) thrown at [C:\src\AOSP-openjdk-git\hotspot\src\share\vm\interpreter\linkResolver.cpp, line 653]
Event: 10.713 Thread 0x000000001be70000 Exception <a 'java/lang/NoSuchMethodError': java.lang.Object.b(Lcom/android/tools/r8/graph/p1$b;)Lcom/android/tools/r8/graph/p1$b;> (0x00000000d7eb9248) thrown at [C:\src\AOSP-openjdk-git\hotspot\src\share\vm\interpreter\linkResolver.cpp, line 620]
Event: 10.748 Thread 0x000000001be6a800 Exception <a 'java/lang/NoSuchMethodError': java.lang.Object.lambda$comparingInt$7b0bb60$1(Ljava/util/function/ToIntFunction;Ljava/lang/Object;Ljava/lang/Object;)I> (0x00000000d9b33ce8) thrown at [C:\src\AOSP-openjdk-git\hotspot\src\share\vm\interpreter\l
Event: 10.748 Thread 0x000000001be69000 Exception <a 'java/lang/NoSuchMethodError': java.lang.Object.lambda$comparingInt$7b0bb60$1(Ljava/util/function/ToIntFunction;Ljava/lang/Object;Ljava/lang/Object;)I> (0x00000000d9712ef8) thrown at [C:\src\AOSP-openjdk-git\hotspot\src\share\vm\interpreter\l
Event: 10.748 Thread 0x000000001be69000 Exception <a 'java/lang/NoSuchMethodError': java.lang.Object.lambda$maxBy$1(Ljava/util/Comparator;Ljava/lang/Object;Ljava/lang/Object;)Ljava/lang/Object;> (0x00000000d9717208) thrown at [C:\src\AOSP-openjdk-git\hotspot\src\share\vm\interpreter\linkResolve
Event: 10.748 Thread 0x000000001be76800 Exception <a 'java/lang/NoSuchMethodError': java.lang.Object.lambda$maxBy$1(Ljava/util/Comparator;Ljava/lang/Object;Ljava/lang/Object;)Ljava/lang/Object;> (0x00000000d99748a0) thrown at [C:\src\AOSP-openjdk-git\hotspot\src\share\vm\interpreter\linkResolve
Event: 10.748 Thread 0x000000001be6c000 Exception <a 'java/lang/NoSuchMethodError': java.lang.Object.lambda$maxBy$1(Ljava/util/Comparator;Ljava/lang/Object;Ljava/lang/Object;)Ljava/lang/Object;> (0x00000000d9b04ff8) thrown at [C:\src\AOSP-openjdk-git\hotspot\src\share\vm\interpreter\linkResolve
Event: 10.748 Thread 0x000000001be6f000 Exception <a 'java/lang/NoSuchMethodError': java.lang.Object.lambda$maxBy$1(Ljava/util/Comparator;Ljava/lang/Object;Ljava/lang/Object;)Ljava/lang/Object;> (0x00000000d9cac968) thrown at [C:\src\AOSP-openjdk-git\hotspot\src\share\vm\interpreter\linkResolve

Events (10 events):
Event: 11.147 loading class com/android/tools/r8/dex/s
Event: 11.147 loading class com/android/tools/r8/dex/s done
Event: 11.148 loading class com/android/tools/r8/graph/W
Event: 11.148 loading class com/android/tools/r8/graph/W done
Event: 11.148 loading class com/android/tools/r8/dex/r
Event: 11.148 loading class com/android/tools/r8/dex/r done
Event: 11.148 loading class com/android/tools/r8/naming/u$b
Event: 11.148 loading class com/android/tools/r8/naming/u$b done
Event: 11.149 Executing VM operation: ForceSafepoint
Event: 11.150 Executing VM operation: ForceSafepoint done


Dynamic libraries:
0x00007ff779770000 - 0x00007ff7797a1000 	E:\android\jre\bin\java.exe
0x00007ff9604d0000 - 0x00007ff9606c5000 	C:\WINDOWS\SYSTEM32\ntdll.dll
0x00007ff95f850000 - 0x00007ff95f90d000 	C:\WINDOWS\System32\KERNEL32.DLL
0x00007ff95df50000 - 0x00007ff95e218000 	C:\WINDOWS\System32\KERNELBASE.dll
0x00007ff95e610000 - 0x00007ff95e6bc000 	C:\WINDOWS\System32\ADVAPI32.dll
0x00007ff9603f0000 - 0x00007ff96048e000 	C:\WINDOWS\System32\msvcrt.dll
0x00007ff95eab0000 - 0x00007ff95eb4b000 	C:\WINDOWS\System32\sechost.dll
0x00007ff95eef0000 - 0x00007ff95f01b000 	C:\WINDOWS\System32\RPCRT4.dll
0x00007ff95e830000 - 0x00007ff95e9d0000 	C:\WINDOWS\System32\USER32.dll
0x00007ff95dc10000 - 0x00007ff95dc32000 	C:\WINDOWS\System32\win32u.dll
0x00007ff95e5e0000 - 0x00007ff95e60a000 	C:\WINDOWS\System32\GDI32.dll
0x00007ff95e420000 - 0x00007ff95e52b000 	C:\WINDOWS\System32\gdi32full.dll
0x00007ff95dc40000 - 0x00007ff95dcdd000 	C:\WINDOWS\System32\msvcp_win.dll
0x00007ff95e320000 - 0x00007ff95e420000 	C:\WINDOWS\System32\ucrtbase.dll
0x00007ff9385b0000 - 0x00007ff93884a000 	C:\WINDOWS\WinSxS\amd64_microsoft.windows.common-controls_6595b64144ccf1df_6.0.19041.844_none_ca00b6081b84eb1d\COMCTL32.dll
0x00007ff95ebe0000 - 0x00007ff95ec10000 	C:\WINDOWS\System32\IMM32.DLL
0x00007ff943640000 - 0x00007ff943745000 	C:\Program Files (x86)\Citrix\ICA Client\epclient64.dll
0x00007ff949650000 - 0x00007ff94965a000 	C:\WINDOWS\SYSTEM32\VERSION.dll
0x00007ff95c950000 - 0x00007ff95c983000 	C:\WINDOWS\SYSTEM32\ntmarta.dll
0x0000000055cf0000 - 0x0000000055dc2000 	E:\android\jre\jre\bin\msvcr100.dll
0x0000000055dd0000 - 0x000000005661b000 	E:\android\jre\jre\bin\server\jvm.dll
0x00007ff95ec20000 - 0x00007ff95ec28000 	C:\WINDOWS\System32\PSAPI.DLL
0x00007ff93fee0000 - 0x00007ff93fee9000 	C:\WINDOWS\SYSTEM32\WSOCK32.dll
0x00007ff95ee80000 - 0x00007ff95eeeb000 	C:\WINDOWS\System32\WS2_32.dll
0x00007ff94cd00000 - 0x00007ff94cd27000 	C:\WINDOWS\SYSTEM32\WINMM.dll
0x00007ff9534f0000 - 0x00007ff9534ff000 	E:\android\jre\jre\bin\verify.dll
0x00007ff937090000 - 0x00007ff9370b9000 	E:\android\jre\jre\bin\java.dll
0x00007ff93d150000 - 0x00007ff93d166000 	E:\android\jre\jre\bin\zip.dll
0x00007ff95f020000 - 0x00007ff95f762000 	C:\WINDOWS\System32\SHELL32.dll
0x00007ff95bd30000 - 0x00007ff95c4c1000 	C:\WINDOWS\SYSTEM32\windows.storage.dll
0x00007ff960010000 - 0x00007ff960365000 	C:\WINDOWS\System32\combase.dll
0x00007ff95d680000 - 0x00007ff95d6ac000 	C:\WINDOWS\SYSTEM32\Wldp.dll
0x00007ff95e720000 - 0x00007ff95e7ce000 	C:\WINDOWS\System32\SHCORE.dll
0x00007ff95e7d0000 - 0x00007ff95e825000 	C:\WINDOWS\System32\shlwapi.dll
0x00007ff95db50000 - 0x00007ff95db6f000 	C:\WINDOWS\SYSTEM32\profapi.dll
0x00007ff933310000 - 0x00007ff93332a000 	E:\android\jre\jre\bin\net.dll
0x00007ff95d3f0000 - 0x00007ff95d45a000 	C:\WINDOWS\system32\mswsock.dll
0x00007ff9332f0000 - 0x00007ff933303000 	E:\android\jre\jre\bin\nio.dll
0x00007ff950f50000 - 0x00007ff950f77000 	C:\Users\Rajshekar\.gradle\native\f6784746aeab05261644944871eae4fe03e0ef1612fff0a4a95f87b438bc6780\windows-amd64\native-platform.dll
0x00007ff94d2f0000 - 0x00007ff94d2fd000 	E:\android\jre\jre\bin\management.dll
0x00007ff95d5d0000 - 0x00007ff95d5e8000 	C:\WINDOWS\SYSTEM32\CRYPTSP.dll
0x00007ff95cd20000 - 0x00007ff95cd54000 	C:\WINDOWS\system32\rsaenh.dll
0x00007ff95dd60000 - 0x00007ff95dd87000 	C:\WINDOWS\System32\bcrypt.dll
0x00007ff95db10000 - 0x00007ff95db3e000 	C:\WINDOWS\SYSTEM32\USERENV.dll
0x000000001cdb0000 - 0x000000001ce30000 	C:\WINDOWS\System32\bcryptprimitives.dll
0x00007ff95d5c0000 - 0x00007ff95d5cc000 	C:\WINDOWS\SYSTEM32\CRYPTBASE.dll
0x00007ff95d090000 - 0x00007ff95d0cb000 	C:\WINDOWS\SYSTEM32\IPHLPAPI.DLL
0x00007ff95f910000 - 0x00007ff95f918000 	C:\WINDOWS\System32\NSI.dll
0x00007ff954ea0000 - 0x00007ff954eb7000 	C:\WINDOWS\SYSTEM32\dhcpcsvc6.DLL
0x00007ff955200000 - 0x00007ff95521d000 	C:\WINDOWS\SYSTEM32\dhcpcsvc.DLL
0x00007ff95d0e0000 - 0x00007ff95d1ac000 	C:\WINDOWS\SYSTEM32\DNSAPI.dll
0x00007ff955590000 - 0x00007ff95559b000 	C:\WINDOWS\SYSTEM32\WINNSI.DLL

VM Arguments:
jvm_args: -Xmx2048m -Dfile.encoding=UTF-8 -Duser.country=IN -Duser.language=en -Duser.variant 
java_command: org.gradle.launcher.daemon.bootstrap.GradleDaemon 6.5
java_class_path (initial): C:\Users\Rajshekar\.gradle\wrapper\dists\gradle-6.5-bin\6nifqtx7604sqp1q6g8wikw7p\gradle-6.5\lib\gradle-launcher-6.5.jar
Launcher Type: SUN_STANDARD

Environment Variables:
JAVA_HOME=C:\Program Files\Java\jdk1.8.0_261
PATH=C:\Program Files (x86)\Common Files\Oracle\Java\javapath;C:\Windows\system32;C:\MinGW\bin;C:\MinGW\libexec\gcc\x86_64-pc-mingw32\6.2.0;C:\Windows;C:\Windows\System32\Wbem;C:\Windows\System32\WindowsPowerShell\v1.0\;C:\Program Files (x86)\NVIDIA Corporation\PhysX\Common;C:\Program Files\Intel\WiFi\bin\;C:\Program Files\Common Files\Intel\WirelessCommon\;C:\WINDOWS\system32;C:\WINDOWS;C:\WINDOWS\System32\Wbem;C:\WINDOWS\System32\WindowsPowerShell\v1.0\;C:\Program Files (x86)\Flash Magic;C:\WINDOWS\System32\OpenSSH\;C:\opencv\build\bin\Release;C:\Users\Rajshekar\Downloads\apache-maven-3.6.3-bin\apache-maven-3.6.3\bin;C:\Program Files\Java\jdk1.8.0_261\bin;C:\Program Files\Git\cmd;C:\Program Files\Microsoft SQL Server\140\Tools\Binn\;C:\Program Files\Microsoft SQL Server\Client SDK\ODBC\130\Tools\Binn\;C:\Program Files (x86)\Microsoft SQL Server\130\Tools\Binn\;C:\Program Files\Microsoft SQL Server\130\Tools\Binn\;C:\Program Files\Microsoft SQL Server\130\DTS\Binn\;C:\Program Files\Java\jdk1.8.0_261\bin;C:\Users\Rajshekar\AppData\Local\Microsoft\WindowsApps;;C:\Program Files\JetBrains\PyCharm Community Edition 2020.3.2\bin;
USERNAME=Rajshekar
OS=Windows_NT
PROCESSOR_IDENTIFIER=Intel64 Family 6 Model 94 Stepping 3, GenuineIntel



---------------  S Y S T E M  ---------------

OS: Windows 10.0 , 64 bit Build 19041 (10.0.19041.928)

CPU:total 8 (initial active 8) (4 cores per cpu, 2 threads per core) family 6 model 94 stepping 3, cmov, cx8, fxsr, mmx, sse, sse2, sse3, ssse3, sse4.1, sse4.2, popcnt, avx, avx2, aes, clmul, erms, rtm, 3dnowpref, lzcnt, ht, tsc, tscinvbit, bmi1, bmi2, adx

Memory: 4k page, physical 16600864k(8268020k free), swap 29410204k(5348k free)

vm_info: OpenJDK 64-Bit Server VM (25.242-b01) for windows-amd64 JRE (1.8.0_242-release-1644-b01), built by "builder" with MS VC++ 10.0 (VS2010)

time: Wed May 26 20:29:35 2021
timezone: India Standard Time
elapsed time: 11 seconds (0d 0h 0m 11s)

